<?xml version="1.0" encoding="UTF-8"?>
<!-- Generated by org.testng.reporters.JUnitXMLReporter -->
<testsuite hostname="DT-6NMR5Z1" ignored="0" name="Free CRM App Test Cases" tests="12" failures="7" timestamp="03 Aug 2018 04:59:22 GMT" time="297.163" errors="0">
  <testcase name="loginPageTitleTest" time="0.03" classname="com.crm.qa.testcases.LoginPageTest">
    <failure type="java.lang.AssertionError" message="expected [#1 Free CRM for Any Business: Online Customer Relationship Software] but found [#1 Free CRM software in the cloud for sales and service]">
      <![CDATA[java.lang.AssertionError: expected [#1 Free CRM for Any Business: Online Customer Relationship Software] but found [#1 Free CRM software in the cloud for sales and service]
at com.crm.qa.testcases.LoginPageTest.loginPageTitleTest(LoginPageTest.java:29)
... Removed 31 stack frames]]>
    </failure>
  </testcase> <!-- loginPageTitleTest -->
  <testcase name="verifyHomePageTitleTest" time="0.03" classname="com.crm.qa.testcases.HomePageTest"/>
  <testcase name="verifyContactsPageLabel" time="0.058" classname="com.crm.qa.testcases.ContactsPageTest"/>
  <testcase name="crmLogoImageTest" time="0.117" classname="com.crm.qa.testcases.LoginPageTest"/>
  <testcase name="verifyUserNameTest" time="20.175" classname="com.crm.qa.testcases.HomePageTest">
    <failure type="java.lang.AbstractMethodError" message="com.crm.qa.util.WebEventListener.beforeGetScreenshotAs(Lorg/openqa/selenium/OutputType;)V">
      <![CDATA[java.lang.AbstractMethodError: com.crm.qa.util.WebEventListener.beforeGetScreenshotAs(Lorg/openqa/selenium/OutputType;)V
at org.openqa.selenium.support.events.EventFiringWebDriver.lambda$new$0(EventFiringWebDriver.java:84)
at com.sun.proxy.$Proxy7.beforeGetScreenshotAs(Unknown Source)
at org.openqa.selenium.support.events.EventFiringWebDriver.getScreenshotAs(EventFiringWebDriver.java:301)
at com.crm.qa.util.TestUtil.takeScreenshotAtEndOfTest(TestUtil.java:61)
at com.crm.qa.util.WebEventListener.onException(WebEventListener.java:67)
at org.openqa.selenium.support.events.EventFiringWebDriver.lambda$new$0(EventFiringWebDriver.java:84)
at com.sun.proxy.$Proxy7.onException(Unknown Source)
at org.openqa.selenium.support.events.EventFiringWebDriver.lambda$new$1(EventFiringWebDriver.java:107)
at com.sun.proxy.$Proxy8.findElement(Unknown Source)
at org.openqa.selenium.support.events.EventFiringWebDriver.findElement(EventFiringWebDriver.java:194)
at org.openqa.selenium.support.pagefactory.DefaultElementLocator.findElement(DefaultElementLocator.java:69)
at org.openqa.selenium.support.pagefactory.internal.LocatingElementHandler.invoke(LocatingElementHandler.java:38)
at com.sun.proxy.$Proxy12.isDisplayed(Unknown Source)
at com.crm.qa.pages.HomePage.verifyCorrectUserName(HomePage.java:41)
at com.crm.qa.testcases.HomePageTest.verifyUserNameTest(HomePageTest.java:48)
... Removed 33 stack frames]]>
    </failure>
  </testcase> <!-- verifyUserNameTest -->
  <testcase name="selectSingleContactsTest" time="20.017" classname="com.crm.qa.testcases.ContactsPageTest">
    <failure type="java.lang.AbstractMethodError" message="com.crm.qa.util.WebEventListener.beforeGetScreenshotAs(Lorg/openqa/selenium/OutputType;)V">
      <![CDATA[java.lang.AbstractMethodError: com.crm.qa.util.WebEventListener.beforeGetScreenshotAs(Lorg/openqa/selenium/OutputType;)V
at org.openqa.selenium.support.events.EventFiringWebDriver.lambda$new$0(EventFiringWebDriver.java:84)
at com.sun.proxy.$Proxy7.beforeGetScreenshotAs(Unknown Source)
at org.openqa.selenium.support.events.EventFiringWebDriver.getScreenshotAs(EventFiringWebDriver.java:301)
at com.crm.qa.util.TestUtil.takeScreenshotAtEndOfTest(TestUtil.java:61)
at com.crm.qa.util.WebEventListener.onException(WebEventListener.java:67)
at org.openqa.selenium.support.events.EventFiringWebDriver.lambda$new$0(EventFiringWebDriver.java:84)
at com.sun.proxy.$Proxy7.onException(Unknown Source)
at org.openqa.selenium.support.events.EventFiringWebDriver.lambda$new$1(EventFiringWebDriver.java:107)
at com.sun.proxy.$Proxy8.findElement(Unknown Source)
at org.openqa.selenium.support.events.EventFiringWebDriver.findElement(EventFiringWebDriver.java:194)
at com.crm.qa.pages.ContactsPage.selectContactsByName(ContactsPage.java:42)
at com.crm.qa.testcases.ContactsPageTest.selectSingleContactsTest(ContactsPageTest.java:63)
... Removed 33 stack frames]]>
    </failure>
  </testcase> <!-- selectSingleContactsTest -->
  <testcase name="loginTest" time="6.03" classname="com.crm.qa.testcases.LoginPageTest"/>
  <testcase name="verifyContactsLinkTest" time="1.757" classname="com.crm.qa.testcases.HomePageTest"/>
  <testcase name="selectMultipleContactsTest" time="20.041" classname="com.crm.qa.testcases.ContactsPageTest">
    <failure type="java.lang.AbstractMethodError" message="com.crm.qa.util.WebEventListener.beforeGetScreenshotAs(Lorg/openqa/selenium/OutputType;)V">
      <![CDATA[java.lang.AbstractMethodError: com.crm.qa.util.WebEventListener.beforeGetScreenshotAs(Lorg/openqa/selenium/OutputType;)V
at org.openqa.selenium.support.events.EventFiringWebDriver.lambda$new$0(EventFiringWebDriver.java:84)
at com.sun.proxy.$Proxy7.beforeGetScreenshotAs(Unknown Source)
at org.openqa.selenium.support.events.EventFiringWebDriver.getScreenshotAs(EventFiringWebDriver.java:301)
at com.crm.qa.util.TestUtil.takeScreenshotAtEndOfTest(TestUtil.java:61)
at com.crm.qa.util.WebEventListener.onException(WebEventListener.java:67)
at org.openqa.selenium.support.events.EventFiringWebDriver.lambda$new$0(EventFiringWebDriver.java:84)
at com.sun.proxy.$Proxy7.onException(Unknown Source)
at org.openqa.selenium.support.events.EventFiringWebDriver.lambda$new$1(EventFiringWebDriver.java:107)
at com.sun.proxy.$Proxy8.findElement(Unknown Source)
at org.openqa.selenium.support.events.EventFiringWebDriver.findElement(EventFiringWebDriver.java:194)
at com.crm.qa.pages.ContactsPage.selectContactsByName(ContactsPage.java:42)
at com.crm.qa.testcases.ContactsPageTest.selectMultipleContactsTest(ContactsPageTest.java:68)
... Removed 33 stack frames]]>
    </failure>
  </testcase> <!-- selectMultipleContactsTest -->
  <testcase name="validateCreateNewContact" time="0.022" classname="com.crm.qa.testcases.ContactsPageTest">
    <failure type="java.lang.AbstractMethodError" message="com.crm.qa.util.WebEventListener.beforeGetScreenshotAs(Lorg/openqa/selenium/OutputType;)V">
      <![CDATA[java.lang.AbstractMethodError: com.crm.qa.util.WebEventListener.beforeGetScreenshotAs(Lorg/openqa/selenium/OutputType;)V
at org.openqa.selenium.support.events.EventFiringWebDriver.lambda$new$0(EventFiringWebDriver.java:84)
at com.sun.proxy.$Proxy7.beforeGetScreenshotAs(Unknown Source)
at org.openqa.selenium.support.events.EventFiringWebDriver.getScreenshotAs(EventFiringWebDriver.java:301)
at com.crm.qa.util.TestUtil.takeScreenshotAtEndOfTest(TestUtil.java:61)
at com.crm.qa.util.WebEventListener.onException(WebEventListener.java:67)
at org.openqa.selenium.support.events.EventFiringWebDriver.lambda$new$0(EventFiringWebDriver.java:84)
at com.sun.proxy.$Proxy7.onException(Unknown Source)
at org.openqa.selenium.support.events.EventFiringWebDriver.lambda$new$1(EventFiringWebDriver.java:107)
at com.sun.proxy.$Proxy8.perform(Unknown Source)
at org.openqa.selenium.support.events.EventFiringWebDriver.perform(EventFiringWebDriver.java:360)
at org.openqa.selenium.interactions.Actions$BuiltAction.perform(Actions.java:638)
at com.crm.qa.pages.HomePage.clickOnNewContactLink(HomePage.java:61)
at com.crm.qa.testcases.ContactsPageTest.validateCreateNewContact(ContactsPageTest.java:82)
... Removed 33 stack frames]]>
    </failure>
  </testcase> <!-- validateCreateNewContact -->
  <testcase name="validateCreateNewContact" time="0.001" classname="com.crm.qa.testcases.ContactsPageTest">
    <failure type="java.lang.AbstractMethodError" message="com.crm.qa.util.WebEventListener.beforeGetScreenshotAs(Lorg/openqa/selenium/OutputType;)V">
      <![CDATA[java.lang.AbstractMethodError: com.crm.qa.util.WebEventListener.beforeGetScreenshotAs(Lorg/openqa/selenium/OutputType;)V
at org.openqa.selenium.support.events.EventFiringWebDriver.lambda$new$0(EventFiringWebDriver.java:84)
at com.sun.proxy.$Proxy7.beforeGetScreenshotAs(Unknown Source)
at org.openqa.selenium.support.events.EventFiringWebDriver.getScreenshotAs(EventFiringWebDriver.java:301)
at com.crm.qa.util.TestUtil.takeScreenshotAtEndOfTest(TestUtil.java:61)
at com.crm.qa.util.WebEventListener.onException(WebEventListener.java:67)
at org.openqa.selenium.support.events.EventFiringWebDriver.lambda$new$0(EventFiringWebDriver.java:84)
at com.sun.proxy.$Proxy7.onException(Unknown Source)
at org.openqa.selenium.support.events.EventFiringWebDriver.lambda$new$1(EventFiringWebDriver.java:107)
at com.sun.proxy.$Proxy8.perform(Unknown Source)
at org.openqa.selenium.support.events.EventFiringWebDriver.perform(EventFiringWebDriver.java:360)
at org.openqa.selenium.interactions.Actions$BuiltAction.perform(Actions.java:638)
at com.crm.qa.pages.HomePage.clickOnNewContactLink(HomePage.java:61)
at com.crm.qa.testcases.ContactsPageTest.validateCreateNewContact(ContactsPageTest.java:82)
... Removed 33 stack frames]]>
    </failure>
  </testcase> <!-- validateCreateNewContact -->
  <testcase name="validateCreateNewContact" time="0.002" classname="com.crm.qa.testcases.ContactsPageTest">
    <failure type="java.lang.AbstractMethodError" message="com.crm.qa.util.WebEventListener.beforeGetScreenshotAs(Lorg/openqa/selenium/OutputType;)V">
      <![CDATA[java.lang.AbstractMethodError: com.crm.qa.util.WebEventListener.beforeGetScreenshotAs(Lorg/openqa/selenium/OutputType;)V
at org.openqa.selenium.support.events.EventFiringWebDriver.lambda$new$0(EventFiringWebDriver.java:84)
at com.sun.proxy.$Proxy7.beforeGetScreenshotAs(Unknown Source)
at org.openqa.selenium.support.events.EventFiringWebDriver.getScreenshotAs(EventFiringWebDriver.java:301)
at com.crm.qa.util.TestUtil.takeScreenshotAtEndOfTest(TestUtil.java:61)
at com.crm.qa.util.WebEventListener.onException(WebEventListener.java:67)
at org.openqa.selenium.support.events.EventFiringWebDriver.lambda$new$0(EventFiringWebDriver.java:84)
at com.sun.proxy.$Proxy7.onException(Unknown Source)
at org.openqa.selenium.support.events.EventFiringWebDriver.lambda$new$1(EventFiringWebDriver.java:107)
at com.sun.proxy.$Proxy8.perform(Unknown Source)
at org.openqa.selenium.support.events.EventFiringWebDriver.perform(EventFiringWebDriver.java:360)
at org.openqa.selenium.interactions.Actions$BuiltAction.perform(Actions.java:638)
at com.crm.qa.pages.HomePage.clickOnNewContactLink(HomePage.java:61)
at com.crm.qa.testcases.ContactsPageTest.validateCreateNewContact(ContactsPageTest.java:82)
... Removed 33 stack frames]]>
    </failure>
  </testcase> <!-- validateCreateNewContact -->
</testsuite> <!-- Free CRM App Test Cases -->
